<?xml version="1.0" encoding="UTF-8"?>
<testsuite name="RockPaperScissorsTest" tests="4" skipped="0" failures="0" errors="0" timestamp="2016-04-20T17:39:13" hostname="epicodus-47.local" time="0.002">
  <properties/>
  <testcase name="checkWinner_scissorsBeatsPaper_true" classname="RockPaperScissorsTest" time="0.001"/>
  <testcase name="checkWinner_tie_true" classname="RockPaperScissorsTest" time="0.0"/>
  <testcase name="checkWinner_paperBeatsRock_true" classname="RockPaperScissorsTest" time="0.0"/>
  <testcase name="checkWinner1_rockBeatsScissors_true" classname="RockPaperScissorsTest" time="0.0"/>
  <system-out><![CDATA[]]></system-out>
  <system-err><![CDATA[]]></system-err>
</testsuite>
