<?xml version="1.0" encoding="UTF-8"?>
<testsuite name="RockPaperScissorsTest" tests="7" skipped="0" failures="0" errors="0" timestamp="2016-04-20T18:28:42" hostname="epicodus-47.local" time="0.001">
  <properties/>
  <testcase name="checkWinner_paperBeatsRockPlayer1_1" classname="RockPaperScissorsTest" time="0.0"/>
  <testcase name="checkWinner_paperBeatsRockPlayer2_2" classname="RockPaperScissorsTest" time="0.0"/>
  <testcase name="checkWinner1_rockBeatsScissorsPlayer2_2" classname="RockPaperScissorsTest" time="0.0"/>
  <testcase name="checkWinner_scissorsBeatsPaperPlayer1_1" classname="RockPaperScissorsTest" time="0.0"/>
  <testcase name="checkWinner_scissorsBeatsPaperPlayer2_2" classname="RockPaperScissorsTest" time="0.0"/>
  <testcase name="checkWinner_tie_3" classname="RockPaperScissorsTest" time="0.0"/>
  <testcase name="checkWinner_rockBeatsScissorsPlayer1_1" classname="RockPaperScissorsTest" time="0.0"/>
  <system-out><![CDATA[]]></system-out>
  <system-err><![CDATA[]]></system-err>
</testsuite>
